<?xml version="1.0" encoding="UTF-8"?>
<!-- Generated by org.testng.reporters.JUnitReportReporter -->
<testsuite hostname="DESKTOP-RARCBNQ" failures="0" tests="2" name="com.juaracoding.testng.cucumber.shop.demoqa.cucumber.TestRunner" time="101.509" errors="0" timestamp="2022-08-31T01:15:19 WIB" skipped="0">
  <testcase classname="com.juaracoding.testng.cucumber.shop.demoqa.cucumber.TestRunner" name="runScenario" time="14.396"/>
  <system-out/>
  <testcase classname="com.juaracoding.testng.cucumber.shop.demoqa.cucumber.TestRunner" name="runScenario" time="87.113"/>
  <system-out/>
</testsuite> <!-- com.juaracoding.testng.cucumber.shop.demoqa.cucumber.TestRunner -->
