<?xml version="1.0" encoding="UTF-8"?>
<!-- Generated by org.testng.reporters.JUnitReportReporter -->
<testsuite hostname="DESKTOP-RARCBNQ" failures="0" tests="2" name="com.juaracoding.testng.cucumber.shop.demoqa.cucumber.TestRunner" time="54.204" errors="0" timestamp="2022-09-01T00:14:38 WIB" skipped="0">
  <testcase classname="com.juaracoding.testng.cucumber.shop.demoqa.cucumber.TestRunner" name="runScenario" time="16.712"/>
  <system-out/>
  <testcase classname="com.juaracoding.testng.cucumber.shop.demoqa.cucumber.TestRunner" name="runScenario" time="37.492"/>
  <system-out/>
</testsuite> <!-- com.juaracoding.testng.cucumber.shop.demoqa.cucumber.TestRunner -->
